build/app/outputs/mapping/release/seeds.txt
androidx.datastore.preferences.protobuf.GeneratedMessageLite: int memoizedSerializedSize
androidx.lifecycle.Lifecycle$Event: androidx.lifecycle.Lifecycle$Event$Companion Companion
kotlinx.coroutines.channels.BufferedChannel: long completedExpandBuffersAndPauseFlag
io.flutter.embedding.engine.FlutterJNI: boolean initCalled
androidx.lifecycle.Lifecycle$Event: androidx.lifecycle.Lifecycle$Event ON_RESUME
androidx.concurrent.futures.AbstractResolvableFuture$Waiter: androidx.concurrent.futures.AbstractResolvableFuture$Waiter next
io.flutter.plugin.editing.ImeSyncDeferringInsetsCallback: io.flutter.plugin.editing.ImeSyncDeferringInsetsCallback$InsetsListener insetsListener
kotlinx.coroutines.DefaultExecutor: java.lang.Thread _thread
kotlinx.coroutines.internal.LockFreeLinkedListNode: java.lang.Object _removedRef
kotlinx.coroutines.CompletedExceptionally: int _handled
kotlinx.coroutines.internal.ConcurrentLinkedListNode: java.lang.Object _next
kotlinx.coroutines.channels.BufferedChannel: long receivers
kotlinx.coroutines.JobSupport: java.lang.Object _state
kotlinx.coroutines.scheduling.WorkQueue: int consumerIndex
kotlinx.coroutines.JobSupport: java.lang.Object _parentHandle
kotlinx.coroutines.android.HandlerDispatcherKt: android.view.Choreographer choreographer
androidx.datastore.preferences.PreferencesProto$PreferenceMap: androidx.datastore.preferences.protobuf.MapFieldLite preferences_
kotlinx.coroutines.EventLoopImplBase: java.lang.Object _delayed
io.flutter.embedding.engine.renderer.SurfaceTextureWrapper: boolean attached
io.flutter.plugins.GeneratedPluginRegistrant: java.lang.String TAG
androidx.datastore.preferences.PreferencesProto$Value: java.lang.Object value_
io.flutter.embedding.engine.FlutterJNI: float displayDensity
io.flutter.view.FlutterCallbackInformation: java.lang.String callbackLibraryPath
kotlinx.coroutines.DefaultExecutor: int debugStatus
kotlinx.coroutines.channels.BufferedChannel: java.lang.Object closeHandler
androidx.datastore.preferences.PreferencesProto$Value: int DOUBLE_FIELD_NUMBER
kotlinx.coroutines.scheduling.CoroutineScheduler$Worker: int workerCtl
io.flutter.embedding.engine.renderer.FlutterRenderer$ImageReaderSurfaceProducer: int requestedWidth
kotlinx.coroutines.sync.SemaphoreImpl: java.lang.Object head
kotlinx.coroutines.channels.BufferedChannel: java.lang.Object receiveSegment
io.flutter.embedding.engine.FlutterJNI: float displayWidth
kotlinx.coroutines.android.AndroidExceptionPreHandler: java.lang.Object _preHandler
io.flutter.embedding.engine.renderer.FlutterRenderer$ImageTextureRegistryEntry: java.lang.String TAG
kotlinx.coroutines.internal.LockFreeTaskQueueCore: java.lang.Object _next
androidx.concurrent.futures.AbstractResolvableFuture: androidx.concurrent.futures.AbstractResolvableFuture$Listener listeners
io.flutter.plugin.platform.SingleViewPresentation: java.lang.String TAG
io.flutter.embedding.engine.renderer.FlutterRenderer$ImageReaderSurfaceProducer: int requestedHeight
io.flutter.view.AccessibilityViewEmbedder: java.lang.String TAG
androidx.datastore.preferences.PreferencesProto$PreferenceMap: androidx.datastore.preferences.protobuf.Parser PARSER
io.flutter.view.AccessibilityViewEmbedder: int nextFlutterId
androidx.datastore.preferences.PreferencesProto$StringSet: int STRINGS_FIELD_NUMBER
androidx.lifecycle.Lifecycle$Event: androidx.lifecycle.Lifecycle$Event ON_DESTROY
io.flutter.embedding.engine.renderer.FlutterRenderer$ImageTextureRegistryEntry: android.media.Image image
io.flutter.plugin.editing.ImeSyncDeferringInsetsCallback: io.flutter.plugin.editing.ImeSyncDeferringInsetsCallback$AnimationCallback animationCallback
io.flutter.embedding.engine.FlutterOverlaySurface: android.view.Surface surface
io.flutter.embedding.engine.renderer.FlutterRenderer$ImageReaderSurfaceProducer: io.flutter.embedding.engine.renderer.FlutterRenderer$ImageReaderSurfaceProducer$PerImageReader lastReaderDequeuedFrom
androidx.datastore.preferences.PreferencesProto$Value: int STRING_FIELD_NUMBER