build/app/outputs/mapping/release/mapping.txt
# compiler: R8
# compiler_version: 8.7.14
# min_api: 21
# common_typos_disable
# {"id":"com.android.tools.r8.mapping","version":"2.2"}
# pg_map_id: 01ae7d6
# pg_map_hash: SHA-256 01ae7d6196848008a1d631b85e08715d9815cfddd7ab3e4435701e5ff305ab2a
...
androidx.datastore.preferences.protobuf.GeneratedMessageLite -> androidx.datastore.preferences.protobuf.t:
# {"id":"sourceFile","fileName":"GeneratedMessageLite.java"}
    androidx.datastore.preferences.protobuf.UnknownFieldSetLite unknownFields -> unknownFields
      # {"id":"com.android.tools.r8.residualsignature","signature":"Landroidx/datastore/preferences/protobuf/g0;"}
    1:8:void <clinit>():282:282 -> <clinit>
    1:3:void <init>():60:60 -> <init>
    4:10:void <init>():66:66 -> <init>
    11:13:void <init>():69:69 -> <init>
    1:11:androidx.datastore.preferences.protobuf.Internal$ProtobufList mutableCopy(androidx.datastore.preferences.protobuf.Internal$ProtobufList):1483:1483 -> A
      # {"id":"com.android.tools.r8.residualsignature","signature":"(Landroidx/datastore/preferences/protobuf/u$b;)Landroidx/datastore/preferences/protobuf/u$b;"}
    12:16:androidx.datastore.preferences.protobuf.Internal$ProtobufList mutableCopy(androidx.datastore.preferences.protobuf.Internal$ProtobufList):1484:1484 -> A
    1:9:androidx.datastore.preferences.protobuf.GeneratedMessageLite$Builder newBuilderForType():86:86 -> B
      # {"id":"com.android.tools.r8.residualsignature","signature":"()Landroidx/datastore/preferences/protobuf/t$a;"}
    1:6:java.lang.Object newMessageInfo(androidx.datastore.preferences.protobuf.MessageLite,java.lang.String,java.lang.Object[]):318:318 -> C
androidx.datastore.preferences.protobuf.GeneratedMessageLite$Builder -> androidx.datastore.preferences.protobuf.t$a:
# {"id":"sourceFile","fileName":"GeneratedMessageLite.java"}
    androidx.datastore.preferences.protobuf.GeneratedMessageLite defaultInstance -> e
      # {"id":"com.android.tools.r8.residualsignature","signature":"Landroidx/datastore/preferences/protobuf/t;"}
    androidx.datastore.preferences.protobuf.GeneratedMessageLite instance -> f
      # {"id":"com.android.tools.r8.residualsignature","signature":"Landroidx/datastore/preferences/protobuf/t;"}
    boolean isBuilt -> g
    1:3:void <init>(androidx.datastore.preferences.protobuf.GeneratedMessageLite):340:340 -> <init>
      # {"id":"com.android.tools.r8.residualsignature","signature":"(Landroidx/datastore/preferences/protobuf/t;)V"}
    4:5:void <init>(androidx.datastore.preferences.protobuf.GeneratedMessageLite):341:341 -> <init>
    6:7:void <init>(androidx.datastore.preferences.protobuf.GeneratedMessageLite):342:342 -> <init>
    8:16:void <init>(androidx.datastore.preferences.protobuf.GeneratedMessageLite):343:343 -> <init>
    17:19:void <init>(androidx.datastore.preferences.protobuf.GeneratedMessageLite):344:344 -> <init>
    1:5:java.lang.Object clone():330:330 -> clone
    1:5:androidx.datastore.preferences.protobuf.MessageLite getDefaultInstanceForType():330:330 -> d
      # {"id":"com.android.tools.r8.residualsignature","signature":"()Landroidx/datastore/preferences/protobuf/J;"}
androidx.datastore.preferences.protobuf.GeneratedMessageLite$DefaultInstanceBasedParser -> androidx.datastore.preferences.protobuf.t$b:
# {"id":"sourceFile","fileName":"GeneratedMessageLite.java"}
    androidx.datastore.preferences.protobuf.GeneratedMessageLite defaultInstance -> b
      # {"id":"com.android.tools.r8.residualsignature","signature":"Landroidx/datastore/preferences/protobuf/t;"}
    1:3:void <init>(androidx.datastore.preferences.protobuf.GeneratedMessageLite):1498:1498 -> <init>
      # {"id":"com.android.tools.r8.residualsignature","signature":"(Landroidx/datastore/preferences/protobuf/t;)V"}
    4:6:void <init>(androidx.datastore.preferences.protobuf.GeneratedMessageLite):1499:1499 -> <init>
androidx.datastore.preferences.protobuf.GeneratedMessageLite$GeneratedExtension -> androidx.datastore.preferences.protobuf.t$c:
# {"id":"sourceFile","fileName":"GeneratedMessageLite.java"}