build/app/outputs/mapping/release/usage.txt
androidx.datastore.preferences.protobuf.NewInstanceSchemas:
    void <init>()
androidx.datastore.preferences.protobuf.NioByteString$1
androidx.datastore.preferences.protobuf.NioByteString
androidx.datastore.preferences.protobuf.NullValue$1
androidx.datastore.preferences.protobuf.NullValue$NullValueVerifier
androidx.datastore.preferences.protobuf.NullValue
androidx.datastore.preferences.protobuf.OneofInfo:
    private final java.lang.reflect.Field caseField
    private final int id
    private final java.lang.reflect.Field valueField
    public void <init>(int,java.lang.reflect.Field,java.lang.reflect.Field)
    public int getId()
androidx.datastore.preferences.protobuf.Option$1
androidx.datastore.preferences.protobuf.Option$Builder
androidx.datastore.preferences.protobuf.Option
androidx.datastore.preferences.protobuf.OptionOrBuilder
androidx.datastore.preferences.protobuf.Parser:
    public abstract java.lang.Object parseDelimitedFrom(java.io.InputStream)
    public abstract java.lang.Object parseDelimitedFrom(java.io.InputStream,androidx.datastore.preferences.protobuf.ExtensionRegistryLite)
    public abstract java.lang.Object parseFrom(androidx.datastore.preferences.protobuf.ByteString)
    public abstract java.lang.Object parseFrom(androidx.datastore.preferences.protobuf.ByteString,androidx.datastore.preferences.protobuf.ExtensionRegistryLite)
    public abstract java.lang.Object parseFrom(androidx.datastore.preferences.protobuf.CodedInputStream)
    public abstract java.lang.Object parseFrom(androidx.datastore.preferences.protobuf.CodedInputStream,androidx.datastore.preferences.protobuf.ExtensionRegistryLite)
    public abstract java.lang.Object parseFrom(java.io.InputStream)
    public abstract java.lang.Object parseFrom(java.io.InputStream,androidx.datastore.preferences.protobuf.ExtensionRegistryLite)
    public abstract java.lang.Object parseFrom(java.nio.ByteBuffer)
    public abstract java.lang.Object parseFrom(java.nio.ByteBuffer,androidx.datastore.preferences.protobuf.ExtensionRegistryLite)
    public abstract java.lang.Object parseFrom(byte[])
    public abstract java.lang.Object parseFrom(byte[],int,int)
    public abstract java.lang.Object parseFrom(byte[],int,int,androidx.datastore.preferences.protobuf.ExtensionRegistryLite)
androidx.datastore.preferences.protobuf.Protobuf:
    int getTotalSchemaSize()
    public boolean isInitialized(java.lang.Object)
    public void makeImmutable(java.lang.Object)
    public void mergeFrom(java.lang.Object,androidx.datastore.preferences.protobuf.Reader)
    public androidx.datastore.preferences.protobuf.Schema registerSchemaOverride(java.lang.Class,androidx.datastore.preferences.protobuf.Schema)
    public void writeTo(java.lang.Object,androidx.datastore.preferences.protobuf.Writer)
androidx.datastore.preferences.protobuf.ProtobufArrayList:
    void <init>()
androidx.datastore.preferences.protobuf.ProtobufLists
androidx.datastore.preferences.protobuf.ProtocolStringList
androidx.datastore.preferences.protobuf.Reader:
    public static final int READ_DONE
    public static final int TAG_UNKNOWN
    public abstract void readGroupList(java.util.List,java.lang.Class,androidx.datastore.preferences.protobuf.ExtensionRegistryLite)
    public abstract void readMessageList(java.util.List,java.lang.Class,androidx.datastore.preferences.protobuf.ExtensionRegistryLite)
    public abstract boolean shouldDiscardUnknownFields()
androidx.datastore.preferences.protobuf.RopeByteString$1
androidx.datastore.preferences.protobuf.RopeByteString$Balancer
androidx.datastore.preferences.protobuf.RopeByteString$PieceIterator
androidx.datastore.preferences.protobuf.RopeByteString$RopeInputStream
androidx.datastore.preferences.protobuf.RopeByteString
androidx.datastore.preferences.protobuf.Schema:
    public abstract void mergeFrom(java.lang.Object,byte[],int,int,androidx.datastore.preferences.protobuf.ArrayDecoders$Registers)